<?xml version="1.0" encoding="UTF-8"?>
<!-- Generated by org.testng.reporters.JUnitReportReporter -->
<testsuite hostname="DESKTOP-N3G62FT" failures="0" tests="1" name="pagestestscript.AddAgendaTest" time="12.287" errors="0" timestamp="2025-10-23T15:38:10 IST" skipped="0">
  <testcase classname="pagestestscript.AddAgendaTest" name="verifyThatTheUserIsAbleToAddAgenda" time="12.287"/>
</testsuite> <!-- pagestestscript.AddAgendaTest -->
