<?xml version="1.0" encoding="UTF-8"?>
<!-- Generated by org.testng.reporters.JUnitReportReporter -->
<testsuite hostname="DESKTOP-N3G62FT" failures="0" tests="1" name="pagestestscript.ServicesPageTest" time="25.143" errors="0" timestamp="2025-08-13T10:39:10 IST" skipped="0">
  <testcase classname="pagestestscript.ServicesPageTest" name="verifyThatUserCanSelectUserCanSelectServiceType" time="25.143"/>
</testsuite> <!-- pagestestscript.ServicesPageTest -->
