<?xml version="1.0" encoding="UTF-8"?>
<!-- Generated by org.testng.reporters.JUnitReportReporter -->
<testsuite hostname="DESKTOP-N3G62FT" failures="0" tests="1" name="pagestestscript.AddAgendaTest" time="17.512" errors="0" timestamp="2025-08-26T17:11:51 IST" skipped="0">
  <testcase classname="pagestestscript.AddAgendaTest" name="verifyThatTheUserIsAbleToAddAgenda" time="17.512"/>
</testsuite> <!-- pagestestscript.AddAgendaTest -->
