<?xml version="1.0" encoding="UTF-8"?>
<!-- Generated by org.testng.reporters.JUnitReportReporter -->
<testsuite hostname="DESKTOP-N3G62FT" failures="0" tests="1" name="pagestestscript.LoginPageTest" time="7.010" errors="0" timestamp="2025-08-07T16:05:28 IST" skipped="0">
  <testcase classname="pagestestscript.LoginPageTest" name="verifyThatTheUserIsAbleToLoginAsSeepzUser" time="7.010"/>
</testsuite> <!-- pagestestscript.LoginPageTest -->
