<?xml version="1.0" encoding="UTF-8"?>
<!-- Generated by org.testng.reporters.JUnitReportReporter -->
<testsuite hostname="DESKTOP-N3G62FT" failures="0" tests="1" name="pagestestscript.Add_Agenda_Details_Test" time="12.963" errors="0" timestamp="2025-10-23T15:38:10 IST" skipped="0">
  <testcase classname="pagestestscript.Add_Agenda_Details_Test" name="verifyThatTheUserIsAbleToAddAgendaDetails" time="12.963"/>
</testsuite> <!-- pagestestscript.Add_Agenda_Details_Test -->
