<?xml version="1.0" encoding="UTF-8"?>
<!-- Generated by org.testng.reporters.JUnitReportReporter -->
<testsuite hostname="DESKTOP-N3G62FT" failures="0" tests="3" name="pagestestscript.LoginPageTest" time="37.251" errors="0" timestamp="2025-08-08T14:33:19 IST" skipped="0">
  <testcase classname="pagestestscript.LoginPageTest" name="verifyThatUserIsAbleToLoginAsPublicUserWithInvalidCredentials" time="23.810"/>
  <testcase classname="pagestestscript.LoginPageTest" name="verifyThatUserisAbleToLoginAsPublicUserWithoutChanginguserType" time="7.382"/>
  <testcase classname="pagestestscript.LoginPageTest" name="verifyThatUserIsAbleToLoginAsPublicUserWithValidCredentials" time="6.059"/>
</testsuite> <!-- pagestestscript.LoginPageTest -->
