<?xml version="1.0" encoding="UTF-8"?>
<!-- Generated by org.testng.reporters.JUnitReportReporter -->
<testsuite hostname="DESKTOP-N3G62FT" failures="0" tests="1" name="pagestestscript.LoginPageTest" time="8.618" errors="0" timestamp="2025-08-07T17:43:31 IST" skipped="0">
  <testcase classname="pagestestscript.LoginPageTest" name="verifyThatUserisAbleToLoginAsPublicUserWithoutChanginguserType" time="8.618"/>
</testsuite> <!-- pagestestscript.LoginPageTest -->
