<?xml version="1.0" encoding="UTF-8"?>
<!-- Generated by org.testng.reporters.JUnitReportReporter -->
<testsuite hostname="DESKTOP-N3G62FT" failures="0" tests="2" name="pagestestscript.MeetingPageTest" time="21.712" errors="0" timestamp="2025-08-22T10:33:03 IST" skipped="0">
  <testcase classname="pagestestscript.MeetingPageTest" name="verifyThatTheUserIsAbleToInitiateMeetingWithOutDate" time="11.058"/>
  <testcase classname="pagestestscript.MeetingPageTest" name="verifyThatTheUserIsAbleToInitiateMeetingWithOutFromTime" time="10.654"/>
</testsuite> <!-- pagestestscript.MeetingPageTest -->
