<?xml version="1.0" encoding="UTF-8"?>
<!-- Generated by org.testng.reporters.JUnitReportReporter -->
<testsuite hostname="DESKTOP-N3G62FT" failures="0" tests="1" name="pagestestscript.ModuleListPageTest" time="28.360" errors="0" timestamp="2025-08-08T14:33:18 IST" skipped="0">
  <testcase classname="pagestestscript.ModuleListPageTest" name="verifyThatTheUserIsAbleToClickOnUnitManagementModule" time="28.360"/>
</testsuite> <!-- pagestestscript.ModuleListPageTest -->
