<?xml version="1.0" encoding="UTF-8"?>
<!-- Generated by org.testng.reporters.JUnitReportReporter -->
<testsuite hostname="DESKTOP-N3G62FT" failures="0" tests="4" name="pagestestscript.MeetingPageTest" time="64.796" errors="0" timestamp="2025-08-22T12:47:01 IST" skipped="0">
  <testcase classname="pagestestscript.MeetingPageTest" name="verifyThatTheUserIsAbleToInitiateMeetingWithOutDate" time="14.098"/>
  <testcase classname="pagestestscript.MeetingPageTest" name="verifyThatTheUserIsAbleToInitiateMeetingWithoutVenue" time="17.446"/>
  <testcase classname="pagestestscript.MeetingPageTest" name="verifyThatTheUserIsAbleToInitiateMeetingWithOutToTime" time="12.283"/>
  <testcase classname="pagestestscript.MeetingPageTest" name="verifyThatTheUserIsAbleToInitiateMeetingWithOutFromTime" time="20.969"/>
</testsuite> <!-- pagestestscript.MeetingPageTest -->
