<?xml version="1.0" encoding="UTF-8"?>
<!-- Generated by org.testng.reporters.JUnitReportReporter -->
<testsuite hostname="DESKTOP-N3G62FT" failures="0" tests="4" name="testscript.LoginPageTest" time="21.983" errors="0" timestamp="2025-07-11T13:27:26 IST" skipped="0">
  <testcase classname="testscript.LoginPageTest" name="loginWithValidUsernameAndInvalidPassword" time="4.817"/>
  <testcase classname="testscript.LoginPageTest" name="loginWithInvalidCredentials" time="4.624"/>
  <testcase classname="testscript.LoginPageTest" name="loginWithInvalidUsernameAndValidPassword" time="5.438"/>
  <testcase classname="testscript.LoginPageTest" name="loginWithValidCredentials" time="7.104"/>
</testsuite> <!-- testscript.LoginPageTest -->
