<?xml version="1.0" encoding="UTF-8"?>
<!-- Generated by org.testng.reporters.JUnitReportReporter -->
<testsuite hostname="DESKTOP-N3G62FT" failures="0" tests="4" name="testscript.LoginPageTest" time="21.802" errors="0" timestamp="2025-07-10T12:27:15 IST" skipped="0">
  <testcase classname="testscript.LoginPageTest" name="loginWithValidCredentials" time="4.744"/>
  <testcase classname="testscript.LoginPageTest" name="loginWithInvalidCredentials" time="7.215"/>
  <testcase classname="testscript.LoginPageTest" name="loginWithValidUsernameAndInvalidPassword" time="4.812"/>
  <testcase classname="testscript.LoginPageTest" name="loginWithInvalidUsernameAndValidPassword" time="5.031"/>
</testsuite> <!-- testscript.LoginPageTest -->
