<?xml version="1.0" encoding="UTF-8"?>
<!-- Generated by org.testng.reporters.JUnitReportReporter -->
<testsuite hostname="DESKTOP-N3G62FT" failures="0" tests="1" name="testscript.AdminUserPageTest" time="5.136" errors="0" timestamp="2025-07-23T16:06:16 IST" skipped="0">
  <testcase classname="testscript.AdminUserPageTest" name="verifyThatTheUserCanSaveAdminUserInformations" time="5.136"/>
</testsuite> <!-- testscript.AdminUserPageTest -->
