<?xml version="1.0" encoding="UTF-8"?>
<!-- Generated by org.testng.reporters.JUnitReportReporter -->
<testsuite hostname="DESKTOP-N3G62FT" failures="0" tests="4" name="testscript.LoginPageTest" time="13.655" errors="0" timestamp="2025-07-19T16:27:32 IST" skipped="0">
  <testcase classname="testscript.LoginPageTest" name="verifyUserCanLoginWithInvalidCredentials" time="2.986"/>
  <testcase classname="testscript.LoginPageTest" name="verifyUserCanLoginWithValidCredentials" time="3.189"/>
  <testcase classname="testscript.LoginPageTest" name="verifyUserCanLoginWithValidUsernameAndInvalidPassword" time="4.468"/>
  <testcase classname="testscript.LoginPageTest" name="VerifyUserCanLoginWithInvalidUsernameAndValidPassword" time="3.012"/>
</testsuite> <!-- testscript.LoginPageTest -->
