<?xml version="1.0" encoding="UTF-8"?>
<!-- Generated by org.testng.reporters.JUnitReportReporter -->
<testsuite hostname="DESKTOP-N3G62FT" failures="0" tests="1" name="testscript.ManageNews_SearchTest" time="5.107" errors="0" timestamp="2025-07-26T10:28:54 IST" skipped="0">
  <testcase classname="testscript.ManageNews_SearchTest" name="verifyThatTheSearchFunctionalityIsWorking" time="5.107"/>
</testsuite> <!-- testscript.ManageNews_SearchTest -->
