<?xml version="1.0" encoding="UTF-8"?>
<!-- Generated by org.testng.reporters.JUnitReportReporter -->
<testsuite hostname="DESKTOP-N3G62FT" failures="0" tests="1" name="testscript.ManageNewPageTest" time="5.391" errors="0" timestamp="2025-07-25T17:02:34 IST" skipped="0">
  <testcase classname="testscript.ManageNewPageTest" name="verifyThatTheUserCanSaveNews" time="5.391"/>
</testsuite> <!-- testscript.ManageNewPageTest -->
