<?xml version="1.0" encoding="UTF-8"?>
<!-- Generated by org.testng.reporters.JUnitReportReporter -->
<testsuite hostname="DESKTOP-N3G62FT" failures="0" tests="1" name="testscript.AdminUserPageTest" time="4.395" errors="0" timestamp="2025-07-15T14:29:22 IST" skipped="0">
  <testcase classname="testscript.AdminUserPageTest" name="verifyThatTheUserCanSaveAdminUserInformations" time="4.395"/>
</testsuite> <!-- testscript.AdminUserPageTest -->
