<?xml version="1.0" encoding="UTF-8"?>
<!-- Generated by org.testng.reporters.JUnitReportReporter -->
<testsuite hostname="DESKTOP-N3G62FT" failures="0" tests="4" name="testscript.LoginPageTest" time="16.922" errors="0" timestamp="2025-07-30T12:49:22 IST" skipped="0">
  <testcase classname="testscript.LoginPageTest" name="VerifyUserCanLoginWithInvalidUsernameAndValidPassword" time="4.649"/>
  <testcase classname="testscript.LoginPageTest" name="verifyUserCanLoginWithValidCredentials" time="3.556"/>
  <testcase classname="testscript.LoginPageTest" name="verifyUserCanLoginWithInvalidCredentials" time="3.964"/>
  <testcase classname="testscript.LoginPageTest" name="verifyUserCanLoginWithValidUsernameAndInvalidPassword" time="4.753"/>
</testsuite> <!-- testscript.LoginPageTest -->
