<?xml version="1.0" encoding="UTF-8"?>
<!-- Generated by org.testng.reporters.JUnitReportReporter -->
<testsuite hostname="DESKTOP-N3G62FT" failures="0" tests="4" name="testscript.LoginPageTest" time="16.797" errors="0" timestamp="2025-07-21T15:50:34 IST" skipped="0">
  <testcase classname="testscript.LoginPageTest" name="verifyUserCanLoginWithValidUsernameAndInvalidPassword" time="3.180"/>
  <testcase classname="testscript.LoginPageTest" name="verifyUserCanLoginWithValidCredentials" time="7.131"/>
  <testcase classname="testscript.LoginPageTest" name="VerifyUserCanLoginWithInvalidUsernameAndValidPassword" time="3.136"/>
  <testcase classname="testscript.LoginPageTest" name="verifyUserCanLoginWithInvalidCredentials" time="3.350"/>
</testsuite> <!-- testscript.LoginPageTest -->
