<?xml version="1.0" encoding="UTF-8"?>
<!-- Generated by org.testng.reporters.JUnitReportReporter -->
<testsuite hostname="DESKTOP-N3G62FT" failures="0" tests="1" name="testscript.AdminUser_SearchTest" time="3.170" errors="0" timestamp="2025-07-29T14:14:00 IST" skipped="0">
  <testcase classname="testscript.AdminUser_SearchTest" name="verifyThatUserIsAbleToSearchAdminUser" time="3.170"/>
</testsuite> <!-- testscript.AdminUser_SearchTest -->
