<?xml version="1.0" encoding="UTF-8"?>
<!-- Generated by org.testng.reporters.JUnitReportReporter -->
<testsuite hostname="DESKTOP-N3G62FT" failures="0" tests="1" name="testscript.AdminUser_SearchTest" time="4.957" errors="0" timestamp="2025-07-30T12:43:03 IST" skipped="0">
  <testcase classname="testscript.AdminUser_SearchTest" name="verifyThatUserIsAbleToSearchAdminUser" time="4.957"/>
</testsuite> <!-- testscript.AdminUser_SearchTest -->
