<?xml version="1.0" encoding="UTF-8"?>
<!-- Generated by org.testng.reporters.JUnitReportReporter -->
<testsuite hostname="DESKTOP-N3G62FT" failures="0" tests="1" name="testscript.LoginPageTest" time="3.132" errors="0" timestamp="2025-07-16T10:40:03 IST" skipped="0">
  <testcase classname="testscript.LoginPageTest" name="verifyUserCanLoginWithValidUsernameAndInvalidPassword" time="3.132"/>
</testsuite> <!-- testscript.LoginPageTest -->
