<?xml version="1.0" encoding="UTF-8"?>
<!-- Generated by org.testng.reporters.JUnitReportReporter -->
<testsuite hostname="DESKTOP-N3G62FT" failures="0" tests="1" name="testscript.ManageCategoryTest" time="5.697" errors="0" timestamp="2025-07-30T12:43:03 IST" skipped="0">
  <testcase classname="testscript.ManageCategoryTest" name="verifyThatTheUserIsAbleToAddNewCategory" time="5.697"/>
</testsuite> <!-- testscript.ManageCategoryTest -->
