<?xml version="1.0" encoding="UTF-8"?>
<!-- Generated by org.testng.reporters.JUnitReportReporter -->
<testsuite hostname="DESKTOP-N3G62FT" failures="0" tests="1" name="testscript.ManageNewPageTest" time="4.513" errors="0" timestamp="2025-07-30T12:43:03 IST" skipped="0">
  <testcase classname="testscript.ManageNewPageTest" name="verifyThatTheUserCanSaveNews" time="4.513"/>
</testsuite> <!-- testscript.ManageNewPageTest -->
