<?xml version="1.0" encoding="UTF-8"?>
<!-- Generated by org.testng.reporters.JUnitReportReporter -->
<testsuite hostname="DESKTOP-N3G62FT" failures="0" tests="1" name="testscript.LoginPageTest" time="4.547" errors="0" timestamp="2025-08-02T12:50:31 IST" skipped="0">
  <testcase classname="testscript.LoginPageTest" name="verifyUserCanLoginWithValidCredentials" time="4.547"/>
</testsuite> <!-- testscript.LoginPageTest -->
