<?xml version="1.0" encoding="UTF-8"?>
<!-- Generated by org.testng.reporters.JUnitReportReporter -->
<testsuite hostname="DESKTOP-N3G62FT" failures="0" tests="1" name="testscript.ManageCategoryTest" time="5.103" errors="0" timestamp="2025-07-26T15:06:31 IST" skipped="0">
  <testcase classname="testscript.ManageCategoryTest" name="verifyThatTheUserIsAbleToAddNewCategory" time="5.103"/>
</testsuite> <!-- testscript.ManageCategoryTest -->
