<?xml version="1.0" encoding="UTF-8"?>
<!-- Generated by org.testng.reporters.JUnitReportReporter -->
<testsuite hostname="DESKTOP-N3G62FT" failures="0" tests="1" name="testscript.LoginPageTest" time="5.381" errors="0" timestamp="2025-07-25T10:42:46 IST" skipped="0">
  <testcase classname="testscript.LoginPageTest" name="verifyUserCanLoginWithValidCredentials" time="5.381"/>
</testsuite> <!-- testscript.LoginPageTest -->
