<?xml version="1.0" encoding="UTF-8"?>
<!-- Generated by org.testng.reporters.JUnitReportReporter -->
<testsuite hostname="DESKTOP-N3G62FT" failures="0" tests="1" name="testscript.HomePageTest" time="3.972" errors="0" timestamp="2025-07-16T10:55:01 IST" skipped="0">
  <testcase classname="testscript.HomePageTest" name="verifyThatTheAdminLinkIsClickable" time="3.972"/>
</testsuite> <!-- testscript.HomePageTest -->
