<?xml version="1.0" encoding="UTF-8"?>
<!-- Generated by org.testng.reporters.JUnitReportReporter -->
<testsuite hostname="DESKTOP-N3G62FT" failures="0" tests="1" name="testscript.ManageCategoryTest" time="3.949" errors="0" timestamp="2025-07-29T14:14:00 IST" skipped="0">
  <testcase classname="testscript.ManageCategoryTest" name="verifyThatTheUserIsAbleToAddNewCategory" time="3.949"/>
</testsuite> <!-- testscript.ManageCategoryTest -->
