<?xml version="1.0" encoding="UTF-8"?>
<!-- Generated by org.testng.reporters.JUnitReportReporter -->
<testsuite hostname="DESKTOP-N3G62FT" failures="0" tests="1" name="testscript.ManageCategoryTest" time="7.919" errors="0" timestamp="2025-07-26T16:00:05 IST" skipped="0">
  <testcase classname="testscript.ManageCategoryTest" name="verifyThatTheUserIsAbleToAddNewCategory" time="7.919"/>
</testsuite> <!-- testscript.ManageCategoryTest -->
