<?xml version="1.0" encoding="UTF-8"?>
<!-- Generated by org.testng.reporters.JUnitReportReporter -->
<testsuite hostname="DESKTOP-N3G62FT" failures="0" tests="1" name="testscript.ManageNews_SearchTest" time="2.924" errors="0" timestamp="2025-07-29T14:14:00 IST" skipped="0">
  <testcase classname="testscript.ManageNews_SearchTest" name="verifyThatTheSearchFunctionalityIsWorking" time="2.924"/>
</testsuite> <!-- testscript.ManageNews_SearchTest -->
