<?xml version="1.0" encoding="UTF-8"?>
<!-- Generated by org.testng.reporters.JUnitReportReporter -->
<testsuite hostname="DESKTOP-N3G62FT" failures="0" tests="4" name="testscript.LoginPageTest" time="13.922" errors="0" timestamp="2025-07-23T14:53:58 IST" skipped="0">
  <testcase classname="testscript.LoginPageTest" name="verifyUserCanLoginWithValidCredentials" time="3.169"/>
  <testcase classname="testscript.LoginPageTest" name="verifyUserCanLoginWithInvalidCredentials" time="3.470"/>
  <testcase classname="testscript.LoginPageTest" name="VerifyUserCanLoginWithInvalidUsernameAndValidPassword" time="3.596"/>
  <testcase classname="testscript.LoginPageTest" name="verifyUserCanLoginWithValidUsernameAndInvalidPassword" time="3.687"/>
</testsuite> <!-- testscript.LoginPageTest -->
