<?xml version="1.0" encoding="UTF-8"?>
<!-- Generated by org.testng.reporters.JUnitReportReporter -->
<testsuite hostname="DESKTOP-N3G62FT" failures="0" tests="4" name="testscript.LoginPageTest" time="14.615" errors="0" timestamp="2025-07-29T14:14:00 IST" skipped="0">
  <testcase classname="testscript.LoginPageTest" name="verifyUserCanLoginWithInvalidCredentials" time="2.630"/>
  <testcase classname="testscript.LoginPageTest" name="verifyUserCanLoginWithValidUsernameAndInvalidPassword" time="2.279"/>
  <testcase classname="testscript.LoginPageTest" name="VerifyUserCanLoginWithInvalidUsernameAndValidPassword" time="7.213"/>
  <testcase classname="testscript.LoginPageTest" name="verifyUserCanLoginWithValidCredentials" time="2.493"/>
</testsuite> <!-- testscript.LoginPageTest -->
