<?xml version="1.0" encoding="UTF-8"?>
<!-- Generated by org.testng.reporters.JUnitReportReporter -->
<testsuite hostname="DESKTOP-N3G62FT" failures="0" tests="1" name="testscript.ManageNewPageTest" time="4.287" errors="0" timestamp="2025-07-19T12:49:26 IST" skipped="0">
  <testcase classname="testscript.ManageNewPageTest" name="verifyThatTheUserCanSaveNews" time="4.287"/>
</testsuite> <!-- testscript.ManageNewPageTest -->
