<?xml version="1.0" encoding="UTF-8"?>
<!-- Generated by org.testng.reporters.JUnitReportReporter -->
<testsuite hostname="DESKTOP-N3G62FT" failures="0" tests="4" name="BaseClass.LoginTest" time="56.916" errors="0" timestamp="2025-07-11T16:04:20 IST" skipped="0">
  <testcase classname="BaseClass.LoginTest" name="enterUsernameAndPassword" time="11.625"/>
  <testcase classname="BaseClass.LoginTest" name="enterUsernameAndPassword" time="16.135"/>
  <testcase classname="BaseClass.LoginTest" name="enterUsernameAndPassword" time="7.070"/>
  <testcase classname="BaseClass.LoginTest" name="enterUsernameAndPassword" time="22.086"/>
</testsuite> <!-- BaseClass.LoginTest -->
