<?xml version="1.0" encoding="UTF-8"?>
<!-- Generated by org.testng.reporters.JUnitReportReporter -->
<testsuite hostname="DESKTOP-N3G62FT" failures="0" tests="4" name="BaseClass.LoginTest" time="69.700" errors="0" timestamp="2025-07-11T13:43:36 IST" skipped="0">
  <testcase classname="BaseClass.LoginTest" name="enterUsernameAndPassword" time="6.743"/>
  <testcase classname="BaseClass.LoginTest" name="enterUsernameAndPassword" time="4.964"/>
  <testcase classname="BaseClass.LoginTest" name="enterUsernameAndPassword" time="29.118"/>
  <testcase classname="BaseClass.LoginTest" name="enterUsernameAndPassword" time="28.875"/>
</testsuite> <!-- BaseClass.LoginTest -->
